<?xml version="1.0" encoding="UTF-8"?>
<testng-results ignored="0" total="1" passed="1" failed="0" skipped="0">
  <reporter-output>
  </reporter-output>
  <suite started-at="2024-03-30T11:32:05 IST" name="Default suite" finished-at="2024-03-30T11:33:00 IST" duration-ms="55821">
    <groups>
    </groups>
    <test started-at="2024-03-30T11:32:05 IST" name="Default test" finished-at="2024-03-30T11:33:00 IST" duration-ms="55821">
      <class name="pwdresthousetestpkg.Resthousepagetest">
        <test-method is-config="true" signature="setup()[pri:0, instance:pwdresthousetestpkg.Resthousepagetest@1d9b7cce]" started-at="2024-03-30T11:32:05 IST" name="setup" finished-at="2024-03-30T11:32:27 IST" duration-ms="22169" status="PASS">
          <reporter-output>
          </reporter-output>
        </test-method> <!-- setup -->
        <test-method is-config="true" signature="urlloading()[pri:0, instance:pwdresthousetestpkg.Resthousepagetest@1d9b7cce]" started-at="2024-03-30T11:32:27 IST" name="urlloading" finished-at="2024-03-30T11:32:44 IST" duration-ms="17178" status="PASS">
          <reporter-output>
          </reporter-output>
        </test-method> <!-- urlloading -->
        <test-method signature="clickresthousetest()[pri:0, instance:pwdresthousetestpkg.Resthousepagetest@1d9b7cce]" started-at="2024-03-30T11:32:44 IST" name="clickresthousetest" finished-at="2024-03-30T11:33:00 IST" duration-ms="16262" status="PASS">
          <reporter-output>
          </reporter-output>
        </test-method> <!-- clickresthousetest -->
      </class> <!-- pwdresthousetestpkg.Resthousepagetest -->
    </test> <!-- Default test -->
  </suite> <!-- Default suite -->
</testng-results>
